::1 - - [14/Mar/2026 17:15:34] "GET / HTTP/1.1" 304 -
::1 - - [14/Mar/2026 17:15:34] "GET /styles.css HTTP/1.1" 304 -
::1 - - [14/Mar/2026 17:15:34] "GET /jp.png HTTP/1.1" 304 -
::1 - - [14/Mar/2026 17:15:34] "GET /logo.svg HTTP/1.1" 304 -
::1 - - [14/Mar/2026 17:15:34] "GET /gb.png HTTP/1.1" 304 -
::1 - - [14/Mar/2026 17:15:34] "GET /kr.png HTTP/1.1" 304 -
::1 - - [14/Mar/2026 17:15:34] "GET /student2.webp?v=3 HTTP/1.1" 304 -
::1 - - [14/Mar/2026 17:15:34] "GET /student3.webp?v=2 HTTP/1.1" 304 -
::1 - - [14/Mar/2026 17:15:34] "GET /teacher1.jpeg HTTP/1.1" 304 -
::1 - - [14/Mar/2026 17:15:34] "GET /teacher3.jpeg HTTP/1.1" 304 -
::1 - - [14/Mar/2026 17:15:34] "GET /student1.webp?v=3 HTTP/1.1" 304 -
::1 - - [14/Mar/2026 17:15:34] "GET /dinorun.gif HTTP/1.1" 304 -
::1 - - [14/Mar/2026 17:15:36] code 404, message File not found
::1 - - [14/Mar/2026 17:15:36] "GET /favicon.ico HTTP/1.1" 404 -
::1 - - [14/Mar/2026 17:26:29] "GET / HTTP/1.1" 200 -
::1 - - [14/Mar/2026 17:27:27] "GET / HTTP/1.1" 200 -
::1 - - [14/Mar/2026 17:33:50] "GET /index.en.html HTTP/1.1" 200 -
::1 - - [14/Mar/2026 17:36:21] "GET /index.html HTTP/1.1" 200 -
::1 - - [14/Mar/2026 17:37:47] "GET /index.html HTTP/1.1" 304 -
::1 - - [14/Mar/2026 17:41:26] "GET /index.en.html HTTP/1.1" 200 -
::1 - - [14/Mar/2026 17:42:23] "GET /index.en.html HTTP/1.1" 200 -
::1 - - [14/Mar/2026 17:44:57] "GET /index.en.html HTTP/1.1" 200 -
::1 - - [14/Mar/2026 18:02:51] "GET /index.en.html HTTP/1.1" 200 -
::1 - - [14/Mar/2026 18:05:58] "GET /index.en.html HTTP/1.1" 304 -
::1 - - [14/Mar/2026 18:09:28] "GET /index.en.html HTTP/1.1" 200 -
::1 - - [14/Mar/2026 18:09:48] "GET /index.html HTTP/1.1" 200 -
::1 - - [14/Mar/2026 18:18:49] "GET /index.html HTTP/1.1" 200 -
::1 - - [14/Mar/2026 18:19:00] "GET /index.en.html HTTP/1.1" 200 -
::1 - - [14/Mar/2026 18:19:10] "GET /index.ko.html HTTP/1.1" 200 -
::1 - - [14/Mar/2026 18:30:51] "GET /index.ko.html HTTP/1.1" 304 -
::1 - - [14/Mar/2026 18:30:58] "GET /index.html HTTP/1.1" 200 -
::1 - - [14/Mar/2026 18:30:58] "GET /uk.svg HTTP/1.1" 200 -
::1 - - [14/Mar/2026 18:30:58] "GET /ca.svg HTTP/1.1" 200 -
::1 - - [14/Mar/2026 18:30:58] "GET /au.svg HTTP/1.1" 200 -
::1 - - [14/Mar/2026 18:31:37] "GET /index.en.html HTTP/1.1" 200 -
::1 - - [14/Mar/2026 18:31:37] "GET /uk.svg HTTP/1.1" 304 -
::1 - - [14/Mar/2026 18:31:37] "GET /ca.svg HTTP/1.1" 304 -
::1 - - [14/Mar/2026 18:31:37] "GET /au.svg HTTP/1.1" 304 -
::1 - - [14/Mar/2026 18:31:51] "GET /index.ko.html HTTP/1.1" 200 -
::1 - - [14/Mar/2026 18:31:51] "GET /uk.svg HTTP/1.1" 304 -
::1 - - [14/Mar/2026 18:31:51] "GET /ca.svg HTTP/1.1" 304 -
::1 - - [14/Mar/2026 18:31:51] "GET /au.svg HTTP/1.1" 304 -
::1 - - [14/Mar/2026 18:31:56] "GET /index.html HTTP/1.1" 304 -
::1 - - [14/Mar/2026 18:39:20] "GET /index.en.html HTTP/1.1" 304 -
::1 - - [14/Mar/2026 18:39:20] "GET /uk.svg HTTP/1.1" 304 -
::1 - - [14/Mar/2026 18:39:20] "GET /ca.svg HTTP/1.1" 304 -
::1 - - [14/Mar/2026 18:39:20] "GET /au.svg HTTP/1.1" 304 -
::1 - - [14/Mar/2026 18:39:44] "GET /index.html HTTP/1.1" 304 -
::1 - - [14/Mar/2026 18:40:27] "GET /index.en.html HTTP/1.1" 304 -
::1 - - [14/Mar/2026 18:40:27] "GET /uk.svg HTTP/1.1" 304 -
::1 - - [14/Mar/2026 18:40:27] "GET /ca.svg HTTP/1.1" 304 -
::1 - - [14/Mar/2026 18:40:27] "GET /au.svg HTTP/1.1" 304 -
::1 - - [14/Mar/2026 18:43:26] "GET /index.html HTTP/1.1" 200 -
::1 - - [14/Mar/2026 18:43:26] "GET /uk.svg HTTP/1.1" 304 -
::1 - - [14/Mar/2026 18:43:26] "GET /ca.svg HTTP/1.1" 304 -
::1 - - [14/Mar/2026 18:43:26] "GET /au.svg HTTP/1.1" 304 -
